<?xml version="1.0" encoding="UTF-8"?>
<!-- Generated by org.testng.reporters.JUnitReportReporter -->
<testsuite skipped="0" hostname="INPU7Q2RPH2" name="testng.Personal_loan" tests="1" failures="0" timestamp="2020-10-20T11:46:34 IST" time="0.002" errors="0">
  <testcase name="personal_loan" time="0.002" classname="testng.Personal_loan"/>
  <system-out/>
</testsuite> <!-- testng.Personal_loan -->
