<?xml version="1.0" encoding="UTF-8"?>
<!-- Generated by org.testng.reporters.JUnitReportReporter -->
<testsuite skipped="0" hostname="INPU7Q2RPH2" name="testng.Priority" tests="3" failures="0" timestamp="2020-10-20T14:27:14 IST" time="0.009" errors="0">
  <testcase name="watermelon" time="0.007" classname="testng.Priority"/>
  <system-out/>
  <testcase name="mango" time="0.001" classname="testng.Priority"/>
  <system-out/>
  <testcase name="apple" time="0.001" classname="testng.Priority"/>
  <system-out/>
</testsuite> <!-- testng.Priority -->
