<?xml version="1.0" encoding="UTF-8"?>
<!-- Generated by org.testng.reporters.JUnitReportReporter -->
<testsuite skipped="0" hostname="INPU7Q2RPH2" name="listener.TestNG2" tests="1" failures="0" timestamp="2020-10-20T14:55:00 IST" time="0.007" errors="0">
  <testcase name="test" time="0.007" classname="listener.TestNG2"/>
  <system-out/>
</testsuite> <!-- listener.TestNG2 -->
