<?xml version="1.0" encoding="UTF-8"?>
<!-- Generated by org.testng.reporters.JUnitReportReporter -->
<testsuite skipped="0" hostname="INPU7Q2RPH2" name="testng.Class1" tests="6" failures="0" timestamp="2020-10-20T11:56:49 IST" time="0.016" errors="0">
  <testcase name="MobileStudentLogin" time="0.008" classname="testng.Class1"/>
  <system-out/>
  <testcase name="testcase2" time="0.002" classname="testng.Class1"/>
  <system-out/>
  <testcase name="testcase1" time="0.001" classname="testng.Class1"/>
  <system-out/>
  <testcase name="WebStudentLogin" time="0.002" classname="testng.Class1"/>
  <system-out/>
  <testcase name="APIStudentLogin" time="0.001" classname="testng.Class1"/>
  <system-out/>
  <testcase name="testcase3" time="0.002" classname="testng.Class1"/>
  <system-out/>
</testsuite> <!-- testng.Class1 -->
