<?xml version="1.0" encoding="UTF-8"?>
<!-- Generated by org.testng.reporters.JUnitReportReporter -->
<testsuite skipped="0" hostname="INPU7Q2RPH2" name="testng.DependsOn" tests="6" failures="0" timestamp="2020-10-20T14:18:31 IST" time="0.021" errors="0">
  <testcase name="APIStudentLogin" time="0.002" classname="testng.DependsOn"/>
  <system-out/>
  <testcase name="testcase2" time="0.001" classname="testng.DependsOn"/>
  <system-out/>
  <testcase name="testcase1" time="0.002" classname="testng.DependsOn"/>
  <system-out/>
  <testcase name="WebStudentLogin" time="0.012" classname="testng.DependsOn"/>
  <system-out/>
  <testcase name="MobileStudentLogin" time="0.001" classname="testng.DependsOn"/>
  <system-out/>
  <testcase name="testcase3" time="0.003" classname="testng.DependsOn"/>
  <system-out/>
</testsuite> <!-- testng.DependsOn -->
