<?xml version="1.0" encoding="UTF-8"?>
<!-- Generated by org.testng.reporters.JUnitReportReporter -->
<testsuite skipped="0" hostname="INPU7Q2RPH2" name="testng.Groups" tests="1" failures="0" timestamp="2020-10-20T14:23:33 IST" time="0.007" errors="0">
  <testcase name="wipro" time="0.007" classname="testng.Groups"/>
  <system-out/>
</testsuite> <!-- testng.Groups -->
