<?xml version="1.0" encoding="UTF-8"?>
<!-- Generated by org.testng.reporters.JUnitReportReporter -->
<testsuite skipped="0" hostname="INPU7Q2RPH2" name="testng.SkipTest" tests="3" failures="0" timestamp="2020-10-20T14:29:48 IST" time="0.009" errors="0">
  <testcase name="c_language" time="0.007" classname="testng.SkipTest"/>
  <system-out/>
  <testcase name="jira" time="0.001" classname="testng.SkipTest"/>
  <system-out/>
  <testcase name="java" time="0.001" classname="testng.SkipTest"/>
  <system-out/>
</testsuite> <!-- testng.SkipTest -->
