<?xml version="1.0" encoding="UTF-8"?>
<!-- Generated by org.testng.reporters.JUnitReportReporter -->
<testsuite skipped="0" hostname="INPU7Q2RPH2" name="testng.Car_loan" tests="1" failures="0" timestamp="2020-10-19T17:37:28 IST" time="0.015" errors="0">
  <testcase name="car_loan" time="0.015" classname="testng.Car_loan"/>
  <system-out/>
</testsuite> <!-- testng.Car_loan -->
